<?xml version="1.0" encoding="UTF-8"?>
<testng-results skipped="0" failed="0" ignored="0" total="1" passed="1">
  <reporter-output>
  </reporter-output>
  <suite name="Default suite" duration-ms="24296" started-at="2018-07-17T18:07:00Z" finished-at="2018-07-17T18:07:24Z">
    <groups>
    </groups>
    <test name="Default test" duration-ms="24296" started-at="2018-07-17T18:07:00Z" finished-at="2018-07-17T18:07:24Z">
      <class name="testAutomation.ExplicitWaitTest">
        <test-method status="PASS" signature="setupTest()[pri:0, instance:testAutomation.ExplicitWaitTest@33f88ab]" name="setupTest" is-config="true" duration-ms="16307" started-at="2018-07-17T18:07:00Z" finished-at="2018-07-17T18:07:16Z">
          <reporter-output>
          </reporter-output>
        </test-method> <!-- setupTest -->
        <test-method status="PASS" signature="waitTest()[pri:0, instance:testAutomation.ExplicitWaitTest@33f88ab]" name="waitTest" duration-ms="6862" started-at="2018-07-17T18:07:16Z" finished-at="2018-07-17T18:07:23Z">
          <reporter-output>
          </reporter-output>
        </test-method> <!-- waitTest -->
        <test-method status="PASS" signature="endTest()[pri:0, instance:testAutomation.ExplicitWaitTest@33f88ab]" name="endTest" is-config="true" duration-ms="1091" started-at="2018-07-17T18:07:23Z" finished-at="2018-07-17T18:07:24Z">
          <reporter-output>
          </reporter-output>
        </test-method> <!-- endTest -->
      </class> <!-- testAutomation.ExplicitWaitTest -->
    </test> <!-- Default test -->
  </suite> <!-- Default suite -->
</testng-results>
